<?xml version="1.0" encoding="utf-8"?><testsuites name="pytest tests"><testsuite name="pytest" errors="0" failures="0" skipped="0" tests="2" time="0.151" timestamp="2026-06-25T00:14:43.213286+02:00" hostname="mbp.home"><testcase classname="tests.test_api.TestHappyPathNetzOOEeServiceAPI" name="test_consents[status0-https://eservice.netzooe.at/service/v1.0/consents?status=ACTIVE,ACTIVE_UNCHANGEABLE]" time="0.008" /><testcase classname="tests.test_api.TestHappyPathNetzOOEeServiceAPI" name="test_consents[ConsentsStatus.ACTIVE-https://eservice.netzooe.at/service/v1.0/consents?status=ACTIVE]" time="0.004" /></testsuite></testsuites>